Copyright 1986-2014 Xilinx, Inc. All Rights Reserved.
---------------------------------------------------------------------------------------
| Tool Version     : Vivado v.2014.2 (win64) Build 932637 Wed Jun 11 13:30:22 MDT 2014
| Date             : Sun Jun 24 17:18:42 2018
| Host             : DESKTOP-RR7E78I running 64-bit major release  (build 9200)
| Command          : 
| Design           : showCPU
| Device           : xc7a35tcpg236-1
| Design State     : Routed
| Grade            : commercial
| Process          : typical
| Characterization : Production
---------------------------------------------------------------------------------------

Power Report

Table of Contents
-----------------
1. Summary
1.1 On-Chip Components
1.2 Power Supply Summary
1.3 Confidence Level
2. Settings
2.1 Environment
2.2 Clock Constraints
3. Detailed Reports
3.1 By Hierarchy

1. Summary
----------

+--------------------------+--------+
| Total On-Chip Power (W)  | 10.259 |
| Dynamic (W)              | 10.115 |
| Device Static (W)        | 0.144  |
| Effective TJA (C/W)      | 5.0    |
| Max Ambient (C)          | 33.7   |
| Junction Temperature (C) | 76.3   |
| Confidence Level         | Low    |
| Setting File             | ---    |
| Simulation Activity File | ---    |
| Design Nets Matched      | NA     |
+--------------------------+--------+


1.1 On-Chip Components
----------------------

+--------------------------+-----------+----------+-----------+-----------------+
| On-Chip                  | Power (W) | Used     | Available | Utilization (%) |
+--------------------------+-----------+----------+-----------+-----------------+
| Slice Logic              |     0.099 |     3096 |       --- |             --- |
|   LUT as Logic           |     0.079 |     1894 |     20800 |            9.10 |
|   BUFG                   |     0.008 |        3 |        32 |            9.37 |
|   CARRY4                 |     0.007 |       78 |      8150 |            0.95 |
|   Register               |     0.005 |      497 |     41600 |            1.19 |
|   F7/F8 Muxes            |    <0.001 |       91 |     32600 |            0.27 |
|   LUT as Distributed RAM |    <0.001 |       48 |      9600 |            0.50 |
|   Others                 |     0.000 |       29 |       --- |             --- |
| Signals                  |     0.143 |     2679 |       --- |             --- |
| I/O                      |     9.873 |       16 |       106 |           15.09 |
| Static Power             |     0.144 |          |           |                 |
| Total                    |    10.259 |          |           |                 |
+--------------------------+-----------+----------+-----------+-----------------+


1.2 Power Supply Summary
------------------------

+-----------+-------------+-----------+-------------+------------+
| Source    | Voltage (V) | Total (A) | Dynamic (A) | Static (A) |
+-----------+-------------+-----------+-------------+------------+
| Vccint    |       1.000 |     0.327 |       0.258 |      0.069 |
| Vccaux    |       1.800 |     0.380 |       0.361 |      0.019 |
| Vcco33    |       3.300 |     2.791 |       2.790 |      0.001 |
| Vcco25    |       2.500 |     0.000 |       0.000 |      0.000 |
| Vcco18    |       1.800 |     0.000 |       0.000 |      0.000 |
| Vcco15    |       1.500 |     0.000 |       0.000 |      0.000 |
| Vcco135   |       1.350 |     0.000 |       0.000 |      0.000 |
| Vcco12    |       1.200 |     0.000 |       0.000 |      0.000 |
| Vccaux_io |       0.000 |     0.000 |       0.000 |      0.000 |
| Vccbram   |       1.000 |     0.002 |       0.000 |      0.002 |
| MGTAVcc   |       1.000 |     0.000 |       0.000 |      0.000 |
| MGTAVtt   |       1.200 |     0.000 |       0.000 |      0.000 |
| Vccadc    |       1.800 |     0.020 |       0.000 |      0.020 |
+-----------+-------------+-----------+-------------+------------+


1.3 Confidence Level
--------------------

+-----------------------------+------------+--------------------------------------------------------+--------------------------------------------------------------------------------------------------------------------+
| User Input Data             | Confidence | Details                                                | Action                                                                                                             |
+-----------------------------+------------+--------------------------------------------------------+--------------------------------------------------------------------------------------------------------------------+
| Design implementation state | High       | Design is routed                                       |                                                                                                                    |
| Clock nodes activity        | Low        | User specified less than 75% of clocks                 | Provide missing clock activity with a constraint file, simulation results or by editing the "By Clock Domain" view |
| I/O nodes activity          | Low        | More than 75% of inputs are missing user specification | Provide missing input activity with simulation results or by editing the "By Resource Type -> I/Os" view           |
| Internal nodes activity     | Medium     | User specified less than 25% of internal nodes         | Provide missing internal nodes activity with simulation results or by editing the "By Resource Type" views         |
| Device models               | High       | Device models are Production                           |                                                                                                                    |
|                             |            |                                                        |                                                                                                                    |
| Overall confidence level    | Low        |                                                        |                                                                                                                    |
+-----------------------------+------------+--------------------------------------------------------+--------------------------------------------------------------------------------------------------------------------+


2. Settings
-----------

2.1 Environment
---------------

+-----------------------+--------------------------+
| Ambient Temp (C)      | 25.0                     |
| ThetaJA (C/W)         | 5.0                      |
| Airflow (LFM)         | 250                      |
| Heat Sink             | medium (Medium Profile)  |
| ThetaSA (C/W)         | 4.6                      |
| Board Selection       | medium (10"x10")         |
| # of Board Layers     | 12to15 (12 to 15 Layers) |
| Board Temperature (C) | 25.0                     |
+-----------------------+--------------------------+


2.2 Clock Constraints
---------------------

+-------+--------+-----------------+
| Clock | Domain | Constraint (ns) |
+-------+--------+-----------------+


3. Detailed Reports
-------------------

3.1 By Hierarchy
----------------

+---------------------------------+-----------+
| Name                            | Power (W) |
+---------------------------------+-----------+
| showCPU                         |    10.115 |
|   Debounce                      |     0.007 |
|   MultiCycleCPU                 |     0.141 |
|     ADR                         |     0.013 |
|     ALUoutDR                    |     0.007 |
|     BDR                         |    <0.001 |
|     ControlUnit                 |    <0.001 |
|     DBDR                        |     0.002 |
|     DataMEM                     |     0.002 |
|     IR                          |     0.025 |
|     InsMEM                      |     0.002 |
|     PC                          |     0.067 |
|     RegisterFile                |    <0.001 |
|       regFile_reg_r1_0_31_0_5   |    <0.001 |
|       regFile_reg_r1_0_31_12_17 |    <0.001 |
|       regFile_reg_r1_0_31_18_23 |    <0.001 |
|       regFile_reg_r1_0_31_24_29 |    <0.001 |
|       regFile_reg_r1_0_31_30_31 |    <0.001 |
|       regFile_reg_r1_0_31_6_11  |    <0.001 |
|       regFile_reg_r2_0_31_0_5   |    <0.001 |
|       regFile_reg_r2_0_31_12_17 |    <0.001 |
|       regFile_reg_r2_0_31_18_23 |    <0.001 |
|       regFile_reg_r2_0_31_24_29 |    <0.001 |
|       regFile_reg_r2_0_31_30_31 |    <0.001 |
|       regFile_reg_r2_0_31_6_11  |    <0.001 |
|     alu                         |    <0.001 |
|     pcAdd                       |     0.018 |
+---------------------------------+-----------+


